33--INFO--2024-03-10 12:00:04,045--data ingestion started
37--INFO--2024-03-10 12:00:04,217-- i have read dataset as a df
42--INFO--2024-03-10 12:00:05,125-- i have saved the raw dataset in artifact folder
44--INFO--2024-03-10 12:00:05,125--here i have performed train test split
47--INFO--2024-03-10 12:00:05,174--train test split completed
51--INFO--2024-03-10 12:00:06,123--data ingestion part completed
88--INFO--2024-03-10 12:00:06,310--read train and test data complete
89--INFO--2024-03-10 12:00:06,310--Train Dataframe Head : 
       id  carat        cut color clarity  depth  table     x     y     z  price
0  131728   0.90    Premium     G     VS2   62.9   58.0  6.18  6.13  3.87   4339
1   80374   1.61      Ideal     I     SI2   61.7   56.0  7.50  7.54  4.66   8835
2  185465   0.52      Ideal     F     VS2   61.3   55.0  5.15  5.18  3.17   1609
3   83920   0.60      Ideal     E     SI2   61.0   56.0  5.49  5.52  3.35   2290
4   35412   0.34  Very Good     H     SI1   62.9   56.0  4.42  4.46  2.79    522
90--INFO--2024-03-10 12:00:06,325--Test Dataframe Head : 
       id  carat        cut color clarity  depth  table     x     y     z  price
0  168682   0.90    Premium     E     SI2   62.3   58.0  6.18  6.15  3.84   4003
1    2515   1.51  Very Good     I     SI1   63.1   59.0  7.21  7.25  4.57   7504
2  126287   1.08      Ideal     F     VS1   61.7   56.0  6.64  6.59  4.08   9624
3  173913   0.50    Premium     G     SI1   62.9   58.0  5.08  5.04  3.17   1141
4  124248   0.40    Premium     D     SI2   62.6   58.0  4.74  4.65  2.93    855
33--INFO--2024-03-10 12:00:06,325--Data Transformation initiated
44--INFO--2024-03-10 12:00:06,325--Pipeline Initiated
106--INFO--2024-03-10 12:00:06,640--Applying preprocessing object on training and testing datasets.
