33--INFO--2024-03-10 11:56:17,473--data ingestion started
37--INFO--2024-03-10 11:56:17,677-- i have read dataset as a df
42--INFO--2024-03-10 11:56:18,698-- i have saved the raw dataset in artifact folder
44--INFO--2024-03-10 11:56:18,698--here i have performed train test split
47--INFO--2024-03-10 11:56:18,730--train test split completed
51--INFO--2024-03-10 11:56:19,892--data ingestion part completed
88--INFO--2024-03-10 11:56:20,090--read train and test data complete
89--INFO--2024-03-10 11:56:20,090--Train Dataframe Head : 
       id  carat        cut color clarity  depth  table     x     y     z  price
0  106816   2.00       Good     G     SI1   63.2   58.0  7.98  8.02  5.05  18343
1  121008   0.34      Ideal     H    VVS2   62.2   55.0  4.49  4.52  2.80    827
2   87681   1.01      Ideal     E     VS2   62.5   56.0  6.38  6.42  4.00   7123
3    2016   1.06  Very Good     D     VS2   61.8   55.0  6.55  6.58  4.06   7479
4  107856   0.41    Premium     D     SI2   61.4   59.0  4.68  4.72  2.89    876
90--INFO--2024-03-10 11:56:20,106--Test Dataframe Head : 
       id  carat        cut color clarity  depth  table     x     y     z  price
0  120682   1.50       Good     G     SI2   64.4   58.0  7.02  7.09  4.56   9107
1   97714   0.71      Ideal     E    VVS1   61.1   59.0  5.75  5.80  3.53   3181
2    9789   0.42      Ideal     E    VVS2   62.0   55.0  4.83  4.84  3.00   1296
3   86275   0.53  Very Good     H    VVS1   62.0   55.0  5.20  5.26  3.24   1838
4  106555   0.41      Ideal     F    VVS2   61.1   54.0  4.79  4.82  2.93   1196
33--INFO--2024-03-10 11:56:20,106--Data Transformation initiated
44--INFO--2024-03-10 11:56:20,106--Pipeline Initiated
106--INFO--2024-03-10 11:56:20,443--Applying preprocessing object on training and testing datasets.
124--INFO--2024-03-10 11:56:20,460--Exception occured in the initiate_datatransformation
